[01m[K/home/wang/æ¡Œé¢/item/chapter2/chapter2_ws/src/demo_cpp_pkg/src/learn_thread.cpp:[m[K In function â€˜[01m[Kint main()[m[Kâ€™:
[01m[K/home/wang/æ¡Œé¢/item/chapter2/chapter2_ws/src/demo_cpp_pkg/src/learn_thread.cpp:41:58:[m[K [01;31m[Kerror: [m[Kâ€˜[01m[Kworld_count[m[Kâ€™ was not declared in this scope; did you mean â€˜[01m[Kword_count[m[Kâ€™?
   41 |     d.start_download("http://0.0.0.0:8000","/novel1.txt",[01;31m[Kworld_count[m[K);
      |                                                          [01;31m[K^~~~~~~~~~~[m[K
      |                                                          [32m[Kword_count[m[K
gmake[2]: *** [CMakeFiles/learn_thread.dir/build.make:76ï¼šCMakeFiles/learn_thread.dir/src/learn_thread.cpp.o] é”™è¯¯ 1
gmake[1]: *** [CMakeFiles/Makefile2:305ï¼šCMakeFiles/learn_thread.dir/all] é”™è¯¯ 2
gmake: *** [Makefile:146ï¼šall] é”™è¯¯ 2
