[01m[K/home/wang/桌面/item/chapter2/chapter2_ws/src/demo_cpp_pkg/src/learn_thread.cpp:[m[K In function ‘[01m[Kint main()[m[K’:
[01m[K/home/wang/桌面/item/chapter2/chapter2_ws/src/demo_cpp_pkg/src/learn_thread.cpp:41:58:[m[K [01;31m[Kerror: [m[K‘[01m[Kworld_count[m[K’ was not declared in this scope; did you mean ‘[01m[Kword_count[m[K’?
   41 |     d.start_download("http://0.0.0.0:8000","/novel1.txt",[01;31m[Kworld_count[m[K);
      |                                                          [01;31m[K^~~~~~~~~~~[m[K
      |                                                          [32m[Kword_count[m[K
gmake[2]: *** [CMakeFiles/learn_thread.dir/build.make:76：CMakeFiles/learn_thread.dir/src/learn_thread.cpp.o] 错误 1
gmake[1]: *** [CMakeFiles/Makefile2:305：CMakeFiles/learn_thread.dir/all] 错误 2
gmake: *** [Makefile:146：all] 错误 2
