[0.061s] Invoking command in '/home/wang/Ê°åÈù¢/item/chapter2/chapter2_ws/build/demo_cpp_pkg': CMAKE_PREFIX_PATH=${CMAKE_PREFIX_PATH}:/home/wang/tb3_ws/install/turtlebot3_teleop:/home/wang/tb3_ws/install/turtlebot3_example:/opt/ros/humble /usr/bin/cmake --build /home/wang/Ê°åÈù¢/item/chapter2/chapter2_ws/build/demo_cpp_pkg -- -j4 -l4
[0.247s] -- Found ament_cmake: 1.3.10 (/opt/ros/humble/share/ament_cmake/cmake)
[0.759s] -- Found rclcpp: 16.0.10 (/opt/ros/humble/share/rclcpp/cmake)
[0.932s] -- Found rosidl_generator_c: 3.1.5 (/opt/ros/humble/share/rosidl_generator_c/cmake)
[0.943s] -- Found rosidl_adapter: 3.1.5 (/opt/ros/humble/share/rosidl_adapter/cmake)
[0.973s] -- Found rosidl_generator_cpp: 3.1.5 (/opt/ros/humble/share/rosidl_generator_cpp/cmake)
[1.021s] -- Using all available rosidl_typesupport_c: rosidl_typesupport_fastrtps_c;rosidl_typesupport_introspection_c
[1.073s] -- Using all available rosidl_typesupport_cpp: rosidl_typesupport_fastrtps_cpp;rosidl_typesupport_introspection_cpp
[1.204s] -- Found rmw_implementation_cmake: 6.1.2 (/opt/ros/humble/share/rmw_implementation_cmake/cmake)
[1.214s] -- Found rmw_fastrtps_cpp: 6.2.7 (/opt/ros/humble/share/rmw_fastrtps_cpp/cmake)
[1.577s] -- Using RMW implementation 'rmw_fastrtps_cpp' as default
[1.779s] -- Found ament_lint_auto: 0.12.11 (/opt/ros/humble/share/ament_lint_auto/cmake)
[2.101s] -- Added test 'cppcheck' to perform static code analysis on C / C++ code
[2.103s] -- Configured cppcheck include dirs: /home/wang/Ê°åÈù¢/item/chapter2/chapter2_ws/src/demo_cpp_pkg/include
[2.103s] -- Configured cppcheck exclude dirs and/or files: 
[2.108s] -- Added test 'flake8' to check Python code syntax and style conventions
[2.117s] -- Added test 'lint_cmake' to check CMake code style
[2.121s] -- Added test 'pep257' to check Python code against some of the docstring style conventions in PEP 257
[2.147s] -- Added test 'uncrustify' to check C / C++ code style
[2.147s] -- Configured uncrustify additional arguments: 
[2.150s] -- Added test 'xmllint' to check XML markup files
[2.157s] -- Configuring done
[2.262s] -- Generating done
[2.278s] -- Build files have been written to: /home/wang/Ê°åÈù¢/item/chapter2/chapter2_ws/build/demo_cpp_pkg
[2.370s] [35m[1mConsolidate compiler generated dependencies of target learn_auto[0m
[2.411s] [35m[1mConsolidate compiler generated dependencies of target person_node[0m
[2.411s] [35m[1mConsolidate compiler generated dependencies of target cpp_node[0m
[2.412s] [35m[1mConsolidate compiler generated dependencies of target learn_shared_ptr[0m
[2.451s] [  7%] [32mBuilding CXX object CMakeFiles/learn_shared_ptr.dir/src/learn_shared_ptr.cpp.o[0m
[2.451s] [ 14%] [32mBuilding CXX object CMakeFiles/learn_auto.dir/src/learn_auto.cpp.o[0m
[2.470s] [ 21%] [32mBuilding CXX object CMakeFiles/person_node.dir/src/person_node.cpp.o[0m
[2.488s] [ 28%] [32mBuilding CXX object CMakeFiles/cpp_node.dir/src/cpp_node.cpp.o[0m
[4.795s] [ 35%] [32m[1mLinking CXX executable learn_shared_ptr[0m
[4.960s] [ 42%] [32m[1mLinking CXX executable learn_auto[0m
[5.308s] [ 42%] Built target learn_shared_ptr
[5.471s] [35m[1mConsolidate compiler generated dependencies of target learn_lambda[0m
[5.594s] [ 50%] [32mBuilding CXX object CMakeFiles/learn_lambda.dir/src/learn_lambda.cpp.o[0m
[5.721s] [ 50%] Built target learn_auto
[5.801s] [35m[1mConsolidate compiler generated dependencies of target learn_funcational[0m
[5.892s] [ 57%] [32mBuilding CXX object CMakeFiles/learn_funcational.dir/src/learn_funcational.cpp.o[0m
[8.314s] [ 64%] [32m[1mLinking CXX executable learn_lambda[0m
[8.869s] [ 64%] Built target learn_lambda
[8.957s] [ 71%] [32m[1mLinking CXX executable learn_funcational[0m
[8.976s] [ 78%] [32mBuilding CXX object CMakeFiles/learn_thread.dir/src/learn_thread.cpp.o[0m
[9.664s] [ 78%] Built target learn_funcational
[14.794s] [01m[K/home/wang/Ê°åÈù¢/item/chapter2/chapter2_ws/src/demo_cpp_pkg/src/learn_thread.cpp:[m[K In function ‚Äò[01m[Kint main()[m[K‚Äô:
[14.798s] [01m[K/home/wang/Ê°åÈù¢/item/chapter2/chapter2_ws/src/demo_cpp_pkg/src/learn_thread.cpp:41:58:[m[K [01;31m[Kerror: [m[K‚Äò[01m[Kworld_count[m[K‚Äô was not declared in this scope; did you mean ‚Äò[01m[Kword_count[m[K‚Äô?
[14.798s]    41 |     d.start_download("http://0.0.0.0:8000","/novel1.txt",[01;31m[Kworld_count[m[K);
[14.798s]       |                                                          [01;31m[K^~~~~~~~~~~[m[K
[14.799s]       |                                                          [32m[Kword_count[m[K
[18.532s] [ 85%] [32m[1mLinking CXX executable cpp_node[0m
[18.563s] [ 92%] [32m[1mLinking CXX executable person_node[0m
[19.516s] [ 92%] Built target cpp_node
[19.516s] [ 92%] Built target person_node
[20.484s] gmake[2]: *** [CMakeFiles/learn_thread.dir/build.make:76ÔºöCMakeFiles/learn_thread.dir/src/learn_thread.cpp.o] ÈîôËØØ 1
[20.489s] gmake[1]: *** [CMakeFiles/Makefile2:305ÔºöCMakeFiles/learn_thread.dir/all] ÈîôËØØ 2
[20.490s] gmake: *** [Makefile:146Ôºöall] ÈîôËØØ 2
[20.496s] Invoked command in '/home/wang/Ê°åÈù¢/item/chapter2/chapter2_ws/build/demo_cpp_pkg' returned '2': CMAKE_PREFIX_PATH=${CMAKE_PREFIX_PATH}:/home/wang/tb3_ws/install/turtlebot3_teleop:/home/wang/tb3_ws/install/turtlebot3_example:/opt/ros/humble /usr/bin/cmake --build /home/wang/Ê°åÈù¢/item/chapter2/chapter2_ws/build/demo_cpp_pkg -- -j4 -l4
