[0.111s] Invoking command in '/home/wang/æ¡Œé¢/item/chapter2/chapter2_ws/build/demo_cpp_pkg': CMAKE_PREFIX_PATH=${CMAKE_PREFIX_PATH}:/home/wang/tb3_ws/install/turtlebot3_teleop:/home/wang/tb3_ws/install/turtlebot3_example:/opt/ros/humble /usr/bin/cmake --build /home/wang/æ¡Œé¢/item/chapter2/chapter2_ws/build/demo_cpp_pkg -- -j4 -l4
[0.329s] -- Found ament_cmake: 1.3.10 (/opt/ros/humble/share/ament_cmake/cmake)
[0.907s] -- Found rclcpp: 16.0.10 (/opt/ros/humble/share/rclcpp/cmake)
[1.048s] -- Found rosidl_generator_c: 3.1.5 (/opt/ros/humble/share/rosidl_generator_c/cmake)
[1.062s] -- Found rosidl_adapter: 3.1.5 (/opt/ros/humble/share/rosidl_adapter/cmake)
[1.084s] -- Found rosidl_generator_cpp: 3.1.5 (/opt/ros/humble/share/rosidl_generator_cpp/cmake)
[1.121s] -- Using all available rosidl_typesupport_c: rosidl_typesupport_fastrtps_c;rosidl_typesupport_introspection_c
[1.165s] -- Using all available rosidl_typesupport_cpp: rosidl_typesupport_fastrtps_cpp;rosidl_typesupport_introspection_cpp
[1.316s] -- Found rmw_implementation_cmake: 6.1.2 (/opt/ros/humble/share/rmw_implementation_cmake/cmake)
[1.325s] -- Found rmw_fastrtps_cpp: 6.2.7 (/opt/ros/humble/share/rmw_fastrtps_cpp/cmake)
[1.713s] -- Using RMW implementation 'rmw_fastrtps_cpp' as default
[1.924s] -- Found ament_lint_auto: 0.12.11 (/opt/ros/humble/share/ament_lint_auto/cmake)
[2.367s] -- Added test 'cppcheck' to perform static code analysis on C / C++ code
[2.368s] -- Configured cppcheck include dirs: 
[2.368s] -- Configured cppcheck exclude dirs and/or files: 
[2.370s] -- Added test 'lint_cmake' to check CMake code style
[2.380s] -- Added test 'uncrustify' to check C / C++ code style
[2.381s] -- Configured uncrustify additional arguments: 
[2.383s] -- Added test 'xmllint' to check XML markup files
[2.397s] -- Configuring done
[2.463s] -- Generating done
[2.474s] -- Build files have been written to: /home/wang/æ¡Œé¢/item/chapter2/chapter2_ws/build/demo_cpp_pkg
[2.561s] [35m[1mConsolidate compiler generated dependencies of target cpp_node[0m
[2.563s] [35m[1mConsolidate compiler generated dependencies of target person_node[0m
[2.585s] [ 16%] [32mBuilding CXX object CMakeFiles/learn_auto.dir/src/learn_auto.cpp.o[0m
[2.615s] [ 50%] Built target cpp_node
[2.667s] [ 66%] [32mBuilding CXX object CMakeFiles/person_node.dir/src/person_node.cpp.o[0m
[3.505s] [01m[K/home/wang/æ¡Œé¢/item/chapter2/chapter2_ws/src/demo_cpp_pkg/src/learn_auto.cpp:[m[K In function â€˜[01m[Kint maim()[m[Kâ€™:
[3.507s] [01m[K/home/wang/æ¡Œé¢/item/chapter2/chapter2_ws/src/demo_cpp_pkg/src/learn_auto.cpp:7:10:[m[K [01;35m[Kwarning: [m[Kunused variable â€˜[01m[Ky[m[Kâ€™ [[01;35m[K]8;;https://gcc.gnu.org/onlinedocs/gcc/Warning-Options.html#index-Wunused-variable-Wunused-variable]8;;[m[K]
[3.507s]     7 |     auto [01;35m[Ky[m[K=3.14f;//double y=3.14
[3.507s]       |          [01;35m[K^[m[K
[3.729s] [ 83%] [32m[1mLinking CXX executable learn_auto[0m
[4.209s] /usr/bin/ld: /usr/lib/gcc/x86_64-linux-gnu/11/../../../x86_64-linux-gnu/Scrt1.o: in function `_start':
[4.210s] (.text+0x1b): undefined reference to `main'
[4.224s] collect2: error: ld returned 1 exit status
[4.225s] gmake[2]: *** [CMakeFiles/learn_auto.dir/build.make:151ï¼šlearn_auto] é”™è¯¯ 1
[4.226s] gmake[1]: *** [CMakeFiles/Makefile2:193ï¼šCMakeFiles/learn_auto.dir/all] é”™è¯¯ 2
[4.226s] gmake[1]: *** æ­£åœ¨ç­‰å¾…æœªå®Œæˆçš„ä»»åŠ¡....
[13.335s] [100%] [32m[1mLinking CXX executable person_node[0m
[13.738s] [100%] Built target person_node
[13.741s] gmake: *** [Makefile:146ï¼šall] é”™è¯¯ 2
[13.753s] Invoked command in '/home/wang/æ¡Œé¢/item/chapter2/chapter2_ws/build/demo_cpp_pkg' returned '2': CMAKE_PREFIX_PATH=${CMAKE_PREFIX_PATH}:/home/wang/tb3_ws/install/turtlebot3_teleop:/home/wang/tb3_ws/install/turtlebot3_example:/opt/ros/humble /usr/bin/cmake --build /home/wang/æ¡Œé¢/item/chapter2/chapter2_ws/build/demo_cpp_pkg -- -j4 -l4
